<?xml version="1.0" encoding="UTF-8"?>
<!-- Generated by org.testng.reporters.JUnitXMLReporter -->
<testsuite ignored="1" hostname="IBM-BXD32F3" failures="0" tests="4" name="Default test" time="48.462" errors="0" timestamp="2024-07-31T17:10:25 IST">
  <testcase classname="E2EProjectFramework.Framework.ServiceAppointmentListVewPage" name="deleteTSE" time="21.732"/>
  <testcase classname="E2EProjectFramework.Framework.ServiceAppointmentListVewPage" name="verifyColumnHeaders" time="0.37"/>
  <testcase classname="E2EProjectFramework.Framework.ServiceAppointmentListVewPage" name="verifyListViewOptions" time="0.182"/>
  <testcase classname="E2EProjectFramework.Framework.ServiceAppointmentListVewPage" name="verifySearchServiceAppointment" time="5.818"/>
  <testcase classname="E2EProjectFramework.Framework.ServiceAppointmentListVewPage" name="createTSE" time="0.0">
    <ignored/>
  </testcase> <!-- createTSE -->
</testsuite> <!-- Default test -->
