<?xml version="1.0" encoding="UTF-8"?>
<!-- Generated by org.testng.reporters.JUnitXMLReporter -->
<testsuite ignored="0" hostname="IBM-BXD32F3" failures="1" tests="2" name="Test3" time="79.036" errors="0" timestamp="2022-08-27T23:21:05 IST">
  <testcase classname="E2EProjectFramework.Framework.ServiceCloud" name="createAccountRecord" time="6.873"/>
  <testcase classname="E2EProjectFramework.Framework.ServiceCloud" name="createAccountRecordFail" time="40.449">
    <failure type="java.lang.NullPointerException">
      <![CDATA[java.lang.NullPointerException
at org.openqa.selenium.support.ui.ExpectedConditions.elementIfVisible(ExpectedConditions.java:307)
at org.openqa.selenium.support.ui.ExpectedConditions.access$000(ExpectedConditions.java:40)
at org.openqa.selenium.support.ui.ExpectedConditions$10.apply(ExpectedConditions.java:293)
at org.openqa.selenium.support.ui.ExpectedConditions$10.apply(ExpectedConditions.java:290)
at org.openqa.selenium.support.ui.ExpectedConditions$23.apply(ExpectedConditions.java:660)
at org.openqa.selenium.support.ui.ExpectedConditions$23.apply(ExpectedConditions.java:656)
at org.openqa.selenium.support.ui.FluentWait.until(FluentWait.java:208)
at E2EProjectFramework.Framework.BrowserAction.clickElement(BrowserAction.java:47)
at pageObjectModel.SetupPage.openSalesforceApp(SetupPage.java:48)
at E2EProjectFramework.Framework.ServiceCloud.createAccountRecordFail(ServiceCloud.java:35)
at java.base/java.util.concurrent.ThreadPoolExecutor.runWorker(ThreadPoolExecutor.java:1128)
at java.base/java.util.concurrent.ThreadPoolExecutor$Worker.run(ThreadPoolExecutor.java:628)
at java.base/java.lang.Thread.run(Thread.java:829)
... Removed 12 stack frames]]>
    </failure>
  </testcase> <!-- createAccountRecordFail -->
</testsuite> <!-- Test3 -->
