-------------------------------------------------------------------------------
Test set: TestSuite
-------------------------------------------------------------------------------
Tests run: 6, Failures: 1, Errors: 0, Skipped: 0, Time elapsed: 137.751 s <<< FAILURE! - in TestSuite
E2EProjectFramework.Framework.createTSEMultiCountry.createTSEforMultiCountries[Germany, michael.maier@de.abb.com.comstage, India@1234567890, SA-849164, Visibile, Mandatory, Mandatory, Mandatory, Mandatory, Visible, Mandatory, Mandatory, Visible, Visible, Not Visible, Mandatory](2)  Time elapsed: 27.224 s  <<< FAILURE!
java.lang.AssertionError: Field Subject is Mandatory for the country Germany expected [true] but found [false]
	at E2EProjectFramework.Framework.createTSEMultiCountry.createTSEforMultiCountries(createTSEMultiCountry.java:102)

