<?xml version="1.0" encoding="UTF-8"?>
<testng-results ignored="0" total="4" passed="2" failed="2" skipped="0">
  <reporter-output>
  </reporter-output>
  <suite started-at="2022-08-27T23:19:46 IST" name="Suite" finished-at="2022-08-27T23:21:05 IST" duration-ms="79036">
    <groups>
    </groups>
    <test started-at="2022-08-27T23:19:46 IST" name="Test" finished-at="2022-08-27T23:21:05 IST" duration-ms="78787">
      <class name="E2EProjectFramework.Framework.ServiceCloud">
        <test-method is-config="true" signature="selectServiceAppBeforeTest()[pri:0, instance:E2EProjectFramework.Framework.ServiceCloud@34c01041]" started-at="2022-08-27T23:19:46 IST" name="selectServiceAppBeforeTest" finished-at="2022-08-27T23:19:59 IST" duration-ms="13122" status="PASS">
          <reporter-output>
          </reporter-output>
        </test-method> <!-- selectServiceAppBeforeTest -->
        <test-method signature="createAccountRecord()[pri:0, instance:E2EProjectFramework.Framework.ServiceCloud@34c01041]" started-at="2022-08-27T23:19:59 IST" name="createAccountRecord" finished-at="2022-08-27T23:20:06 IST" duration-ms="7103" status="PASS">
          <reporter-output>
          </reporter-output>
        </test-method> <!-- createAccountRecord -->
        <test-method is-config="true" signature="closeBrowser()[pri:0, instance:E2EProjectFramework.Framework.ServiceCloud@34c01041]" started-at="2022-08-27T23:20:06 IST" name="closeBrowser" finished-at="2022-08-27T23:20:09 IST" duration-ms="2398" status="PASS">
          <reporter-output>
          </reporter-output>
        </test-method> <!-- closeBrowser -->
        <test-method is-config="true" signature="selectServiceAppBeforeTest()[pri:0, instance:E2EProjectFramework.Framework.ServiceCloud@34c01041]" started-at="2022-08-27T23:20:09 IST" name="selectServiceAppBeforeTest" finished-at="2022-08-27T23:20:21 IST" duration-ms="12450" status="PASS">
          <reporter-output>
          </reporter-output>
        </test-method> <!-- selectServiceAppBeforeTest -->
        <test-method signature="createAccountRecordFail()[pri:0, instance:E2EProjectFramework.Framework.ServiceCloud@34c01041]" started-at="2022-08-27T23:20:21 IST" name="createAccountRecordFail" finished-at="2022-08-27T23:21:01 IST" duration-ms="40433" status="FAIL">
          <exception class="java.lang.NullPointerException">
            <full-stacktrace>
              <![CDATA[java.lang.NullPointerException
at org.openqa.selenium.support.ui.ExpectedConditions.elementIfVisible(ExpectedConditions.java:307)
at org.openqa.selenium.support.ui.ExpectedConditions.access$000(ExpectedConditions.java:40)
at org.openqa.selenium.support.ui.ExpectedConditions$10.apply(ExpectedConditions.java:293)
at org.openqa.selenium.support.ui.ExpectedConditions$10.apply(ExpectedConditions.java:290)
at org.openqa.selenium.support.ui.ExpectedConditions$23.apply(ExpectedConditions.java:660)
at org.openqa.selenium.support.ui.ExpectedConditions$23.apply(ExpectedConditions.java:656)
at org.openqa.selenium.support.ui.FluentWait.until(FluentWait.java:208)
at E2EProjectFramework.Framework.BrowserAction.clickElement(BrowserAction.java:47)
at pageObjectModel.SetupPage.openSalesforceApp(SetupPage.java:48)
at E2EProjectFramework.Framework.ServiceCloud.createAccountRecordFail(ServiceCloud.java:35)
at java.base/jdk.internal.reflect.NativeMethodAccessorImpl.invoke0(Native Method)
at java.base/jdk.internal.reflect.NativeMethodAccessorImpl.invoke(NativeMethodAccessorImpl.java:62)
at java.base/jdk.internal.reflect.DelegatingMethodAccessorImpl.invoke(DelegatingMethodAccessorImpl.java:43)
at java.base/java.lang.reflect.Method.invoke(Method.java:566)
at org.testng.internal.invokers.MethodInvocationHelper.invokeMethod(MethodInvocationHelper.java:139)
at org.testng.internal.invokers.TestInvoker.invokeMethod(TestInvoker.java:677)
at org.testng.internal.invokers.TestInvoker.invokeTestMethod(TestInvoker.java:221)
at org.testng.internal.invokers.MethodRunner.runInSequence(MethodRunner.java:50)
at org.testng.internal.invokers.TestInvoker$MethodInvocationAgent.invoke(TestInvoker.java:962)
at org.testng.internal.invokers.TestInvoker.invokeTestMethods(TestInvoker.java:194)
at org.testng.internal.invokers.TestMethodWorker.invokeTestMethods(TestMethodWorker.java:148)
at org.testng.internal.invokers.TestMethodWorker.run(TestMethodWorker.java:128)
at java.base/java.util.concurrent.ThreadPoolExecutor.runWorker(ThreadPoolExecutor.java:1128)
at java.base/java.util.concurrent.ThreadPoolExecutor$Worker.run(ThreadPoolExecutor.java:628)
at java.base/java.lang.Thread.run(Thread.java:829)
]]>
            </full-stacktrace>
          </exception> <!-- java.lang.NullPointerException -->
          <reporter-output>
          </reporter-output>
        </test-method> <!-- createAccountRecordFail -->
        <test-method is-config="true" signature="closeBrowser()[pri:0, instance:E2EProjectFramework.Framework.ServiceCloud@34c01041]" started-at="2022-08-27T23:21:02 IST" name="closeBrowser" finished-at="2022-08-27T23:21:04 IST" duration-ms="2423" status="PASS">
          <reporter-output>
          </reporter-output>
        </test-method> <!-- closeBrowser -->
        <test-method is-config="true" signature="tearDown()[pri:0, instance:E2EProjectFramework.Framework.ServiceCloud@34c01041]" started-at="2022-08-27T23:21:04 IST" name="tearDown" finished-at="2022-08-27T23:21:05 IST" duration-ms="598" status="PASS">
          <reporter-output>
          </reporter-output>
        </test-method> <!-- tearDown -->
      </class> <!-- E2EProjectFramework.Framework.ServiceCloud -->
    </test> <!-- Test -->
    <test started-at="2022-08-27T23:19:46 IST" name="Test3" finished-at="2022-08-27T23:21:05 IST" duration-ms="79036">
      <class name="E2EProjectFramework.Framework.ServiceCloud">
        <test-method is-config="true" signature="selectServiceAppBeforeTest()[pri:0, instance:E2EProjectFramework.Framework.ServiceCloud@1921ad94]" started-at="2022-08-27T23:19:46 IST" name="selectServiceAppBeforeTest" finished-at="2022-08-27T23:19:59 IST" duration-ms="13367" status="PASS">
          <reporter-output>
          </reporter-output>
        </test-method> <!-- selectServiceAppBeforeTest -->
        <test-method signature="createAccountRecord()[pri:0, instance:E2EProjectFramework.Framework.ServiceCloud@1921ad94]" started-at="2022-08-27T23:19:59 IST" name="createAccountRecord" finished-at="2022-08-27T23:20:06 IST" duration-ms="6873" status="PASS">
          <reporter-output>
          </reporter-output>
        </test-method> <!-- createAccountRecord -->
        <test-method is-config="true" signature="closeBrowser()[pri:0, instance:E2EProjectFramework.Framework.ServiceCloud@1921ad94]" started-at="2022-08-27T23:20:06 IST" name="closeBrowser" finished-at="2022-08-27T23:20:09 IST" duration-ms="2398" status="PASS">
          <reporter-output>
          </reporter-output>
        </test-method> <!-- closeBrowser -->
        <test-method is-config="true" signature="selectServiceAppBeforeTest()[pri:0, instance:E2EProjectFramework.Framework.ServiceCloud@1921ad94]" started-at="2022-08-27T23:20:09 IST" name="selectServiceAppBeforeTest" finished-at="2022-08-27T23:20:21 IST" duration-ms="12687" status="PASS">
          <reporter-output>
          </reporter-output>
        </test-method> <!-- selectServiceAppBeforeTest -->
        <test-method signature="createAccountRecordFail()[pri:0, instance:E2EProjectFramework.Framework.ServiceCloud@1921ad94]" started-at="2022-08-27T23:20:21 IST" name="createAccountRecordFail" finished-at="2022-08-27T23:21:02 IST" duration-ms="40449" status="FAIL">
          <exception class="java.lang.NullPointerException">
            <full-stacktrace>
              <![CDATA[java.lang.NullPointerException
at org.openqa.selenium.support.ui.ExpectedConditions.elementIfVisible(ExpectedConditions.java:307)
at org.openqa.selenium.support.ui.ExpectedConditions.access$000(ExpectedConditions.java:40)
at org.openqa.selenium.support.ui.ExpectedConditions$10.apply(ExpectedConditions.java:293)
at org.openqa.selenium.support.ui.ExpectedConditions$10.apply(ExpectedConditions.java:290)
at org.openqa.selenium.support.ui.ExpectedConditions$23.apply(ExpectedConditions.java:660)
at org.openqa.selenium.support.ui.ExpectedConditions$23.apply(ExpectedConditions.java:656)
at org.openqa.selenium.support.ui.FluentWait.until(FluentWait.java:208)
at E2EProjectFramework.Framework.BrowserAction.clickElement(BrowserAction.java:47)
at pageObjectModel.SetupPage.openSalesforceApp(SetupPage.java:48)
at E2EProjectFramework.Framework.ServiceCloud.createAccountRecordFail(ServiceCloud.java:35)
at java.base/jdk.internal.reflect.NativeMethodAccessorImpl.invoke0(Native Method)
at java.base/jdk.internal.reflect.NativeMethodAccessorImpl.invoke(NativeMethodAccessorImpl.java:62)
at java.base/jdk.internal.reflect.DelegatingMethodAccessorImpl.invoke(DelegatingMethodAccessorImpl.java:43)
at java.base/java.lang.reflect.Method.invoke(Method.java:566)
at org.testng.internal.invokers.MethodInvocationHelper.invokeMethod(MethodInvocationHelper.java:139)
at org.testng.internal.invokers.TestInvoker.invokeMethod(TestInvoker.java:677)
at org.testng.internal.invokers.TestInvoker.invokeTestMethod(TestInvoker.java:221)
at org.testng.internal.invokers.MethodRunner.runInSequence(MethodRunner.java:50)
at org.testng.internal.invokers.TestInvoker$MethodInvocationAgent.invoke(TestInvoker.java:962)
at org.testng.internal.invokers.TestInvoker.invokeTestMethods(TestInvoker.java:194)
at org.testng.internal.invokers.TestMethodWorker.invokeTestMethods(TestMethodWorker.java:148)
at org.testng.internal.invokers.TestMethodWorker.run(TestMethodWorker.java:128)
at java.base/java.util.concurrent.ThreadPoolExecutor.runWorker(ThreadPoolExecutor.java:1128)
at java.base/java.util.concurrent.ThreadPoolExecutor$Worker.run(ThreadPoolExecutor.java:628)
at java.base/java.lang.Thread.run(Thread.java:829)
]]>
            </full-stacktrace>
          </exception> <!-- java.lang.NullPointerException -->
          <reporter-output>
          </reporter-output>
        </test-method> <!-- createAccountRecordFail -->
        <test-method is-config="true" signature="closeBrowser()[pri:0, instance:E2EProjectFramework.Framework.ServiceCloud@1921ad94]" started-at="2022-08-27T23:21:02 IST" name="closeBrowser" finished-at="2022-08-27T23:21:04 IST" duration-ms="2418" status="PASS">
          <reporter-output>
          </reporter-output>
        </test-method> <!-- closeBrowser -->
        <test-method is-config="true" signature="tearDown()[pri:0, instance:E2EProjectFramework.Framework.ServiceCloud@1921ad94]" started-at="2022-08-27T23:21:04 IST" name="tearDown" finished-at="2022-08-27T23:21:05 IST" duration-ms="599" status="PASS">
          <reporter-output>
          </reporter-output>
        </test-method> <!-- tearDown -->
      </class> <!-- E2EProjectFramework.Framework.ServiceCloud -->
    </test> <!-- Test3 -->
  </suite> <!-- Suite -->
</testng-results>
