<?xml version="1.0" encoding="UTF-8"?>
<testng-results ignored="1" total="5" passed="4" failed="0" skipped="0">
  <reporter-output>
  </reporter-output>
  <suite started-at="2024-07-31T17:09:36 IST" name="Default suite" finished-at="2024-07-31T17:10:25 IST" duration-ms="48462">
    <groups>
    </groups>
    <test started-at="2024-07-31T17:09:36 IST" name="Default test" finished-at="2024-07-31T17:10:25 IST" duration-ms="48462">
      <class name="E2EProjectFramework.Framework.ServiceAppointmentListVewPage">
        <test-method is-config="true" signature="excelDataProvider()[pri:0, instance:E2EProjectFramework.Framework.ServiceAppointmentListVewPage@4a883b15]" started-at="2024-07-31T17:09:36 IST" name="excelDataProvider" finished-at="2024-07-31T17:09:56 IST" duration-ms="19402" status="PASS">
          <reporter-output>
          </reporter-output>
        </test-method> <!-- excelDataProvider -->
        <test-method is-config="true" signature="selectServiceAppBeforeTest()[pri:0, instance:E2EProjectFramework.Framework.ServiceAppointmentListVewPage@4a883b15]" started-at="2024-07-31T17:09:56 IST" name="selectServiceAppBeforeTest" finished-at="2024-07-31T17:09:56 IST" duration-ms="225" status="PASS">
          <reporter-output>
          </reporter-output>
        </test-method> <!-- selectServiceAppBeforeTest -->
        <test-method signature="deleteTSE()[pri:0, instance:E2EProjectFramework.Framework.ServiceAppointmentListVewPage@4a883b15]" started-at="2024-07-31T17:09:56 IST" name="deleteTSE" finished-at="2024-07-31T17:10:18 IST" duration-ms="21732" status="PASS">
          <reporter-output>
          </reporter-output>
        </test-method> <!-- deleteTSE -->
        <test-method is-config="true" signature="selectServiceAppBeforeTest()[pri:0, instance:E2EProjectFramework.Framework.ServiceAppointmentListVewPage@4a883b15]" started-at="2024-07-31T17:10:18 IST" name="selectServiceAppBeforeTest" finished-at="2024-07-31T17:10:18 IST" duration-ms="199" status="PASS">
          <reporter-output>
          </reporter-output>
        </test-method> <!-- selectServiceAppBeforeTest -->
        <test-method signature="verifyColumnHeaders()[pri:0, instance:E2EProjectFramework.Framework.ServiceAppointmentListVewPage@4a883b15]" started-at="2024-07-31T17:10:18 IST" name="verifyColumnHeaders" finished-at="2024-07-31T17:10:18 IST" duration-ms="370" status="PASS">
          <reporter-output>
          </reporter-output>
        </test-method> <!-- verifyColumnHeaders -->
        <test-method is-config="true" signature="selectServiceAppBeforeTest()[pri:0, instance:E2EProjectFramework.Framework.ServiceAppointmentListVewPage@4a883b15]" started-at="2024-07-31T17:10:18 IST" name="selectServiceAppBeforeTest" finished-at="2024-07-31T17:10:18 IST" duration-ms="109" status="PASS">
          <reporter-output>
          </reporter-output>
        </test-method> <!-- selectServiceAppBeforeTest -->
        <test-method signature="verifyListViewOptions()[pri:0, instance:E2EProjectFramework.Framework.ServiceAppointmentListVewPage@4a883b15]" started-at="2024-07-31T17:10:18 IST" name="verifyListViewOptions" finished-at="2024-07-31T17:10:19 IST" duration-ms="182" status="PASS">
          <reporter-output>
          </reporter-output>
        </test-method> <!-- verifyListViewOptions -->
        <test-method is-config="true" signature="selectServiceAppBeforeTest()[pri:0, instance:E2EProjectFramework.Framework.ServiceAppointmentListVewPage@4a883b15]" started-at="2024-07-31T17:10:19 IST" name="selectServiceAppBeforeTest" finished-at="2024-07-31T17:10:19 IST" duration-ms="125" status="PASS">
          <reporter-output>
          </reporter-output>
        </test-method> <!-- selectServiceAppBeforeTest -->
        <test-method signature="verifySearchServiceAppointment()[pri:0, instance:E2EProjectFramework.Framework.ServiceAppointmentListVewPage@4a883b15]" started-at="2024-07-31T17:10:19 IST" name="verifySearchServiceAppointment" finished-at="2024-07-31T17:10:25 IST" duration-ms="5818" status="PASS">
          <reporter-output>
          </reporter-output>
        </test-method> <!-- verifySearchServiceAppointment -->
        <test-method is-config="true" signature="tearDown()[pri:0, instance:E2EProjectFramework.Framework.ServiceAppointmentListVewPage@4a883b15]" started-at="2024-07-31T17:10:25 IST" name="tearDown" finished-at="2024-07-31T17:10:25 IST" duration-ms="261" status="PASS">
          <reporter-output>
          </reporter-output>
        </test-method> <!-- tearDown -->
      </class> <!-- E2EProjectFramework.Framework.ServiceAppointmentListVewPage -->
    </test> <!-- Default test -->
  </suite> <!-- Default suite -->
</testng-results>
