<?xml version="1.0" encoding="UTF-8"?>
<!-- Generated by org.testng.reporters.JUnitXMLReporter -->
<testsuite ignored="1" hostname="IBM-BXD32F3" failures="1" tests="6" name="BackOfficeApp" time="136.459" errors="0" timestamp="2024-07-31T17:15:12 IST">
  <testcase classname="E2EProjectFramework.Framework.createTSEMultiCountry" name="createTSEforMultiCountries" time="58.961"/>
  <testcase classname="E2EProjectFramework.Framework.createTSEMultiCountry" name="createTSEforMultiCountries" time="27.064">
    <failure type="java.lang.AssertionError" message="Field Subject is Mandatory for the country Germany expected [true] but found [false]">
      <![CDATA[java.lang.AssertionError: Field Subject is Mandatory for the country Germany expected [true] but found [false]
at E2EProjectFramework.Framework.createTSEMultiCountry.createTSEforMultiCountries(createTSEMultiCountry.java:102)
at java.base/java.util.ArrayList.forEach(ArrayList.java:1541)
... Removed 34 stack frames]]>
    </failure>
  </testcase> <!-- createTSEforMultiCountries -->
  <testcase classname="E2EProjectFramework.Framework.ServiceAppointmentListVewPage" name="deleteTSE" time="21.79"/>
  <testcase classname="E2EProjectFramework.Framework.ServiceAppointmentListVewPage" name="verifyColumnHeaders" time="0.275"/>
  <testcase classname="E2EProjectFramework.Framework.ServiceAppointmentListVewPage" name="verifyListViewOptions" time="0.184"/>
  <testcase classname="E2EProjectFramework.Framework.ServiceAppointmentListVewPage" name="verifySearchServiceAppointment" time="6.508"/>
  <testcase classname="E2EProjectFramework.Framework.ServiceAppointmentListVewPage" name="createTSE" time="0.0">
    <ignored/>
  </testcase> <!-- createTSE -->
</testsuite> <!-- BackOfficeApp -->
